<html>
<head>
<title>TestNG:  Test</title>
<link href="../testng.css" rel="stylesheet" type="text/css" />
<link href="../my-testng.css" rel="stylesheet" type="text/css" />

<style type="text/css">
.log { display: none;} 
.stack-trace { display: none;} 
</style>
<script type="text/javascript">
<!--
function flip(e) {
  current = e.style.display;
  if (current == 'block') {
    e.style.display = 'none';
    return 0;
  }
  else {
    e.style.display = 'block';
    return 1;
  }
}

function toggleBox(szDivId, elem, msg1, msg2)
{
  var res = -1;  if (document.getElementById) {
    res = flip(document.getElementById(szDivId));
  }
  else if (document.all) {
    // this is the way old msie versions work
    res = flip(document.all[szDivId]);
  }
  if(elem) {
    if(res == 0) elem.innerHTML = msg1; else elem.innerHTML = msg2;
  }

}

function toggleAllBoxes() {
  if (document.getElementsByTagName) {
    d = document.getElementsByTagName('div');
    for (i = 0; i < d.length; i++) {
      if (d[i].className == 'log') {
        flip(d[i]);
      }
    }
  }
}

// -->
</script>

</head>
<body>
<h2 align='center'>Test</h2><table border='1' align="center">
<tr>
<td>Tests passed/Failed/Skipped:</td><td>3/5/0</td>
</tr><tr>
<td>Started on:</td><td>Thu Sep 07 10:14:45 IST 2017</td>
</tr>
<tr><td>Total time:</td><td>139 seconds (139086 ms)</td>
</tr><tr>
<td>Included groups:</td><td></td>
</tr><tr>
<td>Excluded groups:</td><td></td>
</tr>
</table><p/>
<small><i>(Hover the method name to see the test class name)</i></small><p/>
<table width='100%' border='1' class='invocation-failed'>
<tr><td colspan='4' align='center'><b>FAILED TESTS</b></td></tr>
<tr><td><b>Test method</b></td>
<td width="30%"><b>Exception</b></td>
<td width="10%"><b>Time (seconds)</b></td>
<td><b>Instance</b></td>
</tr>
<tr>
<td title='leaftaptests.TC04_DeleteLead.deleteLead()'><b>deleteLead</b><br>Test class: leaftaptests.TC04_DeleteLead<br>Parameters: DemoSalesManager, crmsfa, Madhavan, 9894086638, No records to display</td>
<td><div><pre>java.lang.RuntimeException: FAILED
	at utils.Reporter.reportStep(Reporter.java:30)
	at wrappers.GenericWrappers.getTextByXpath(GenericWrappers.java:481)
	at leaftappages.FindLeadPage.storeLeadId(FindLeadPage.java:46)
	at leaftaptests.TC04_DeleteLead.deleteLead(TC04_DeleteLead.java:32)
	at sun.reflect.NativeMethodAccessorImpl.invoke0(Native Method)
	at sun.reflect.NativeMethodAccessorImpl.invoke(Unknown Source)
	at sun.reflect.DelegatingMethodAccessorImpl.invoke(Unknown Source)
	at java.lang.reflect.Method.invoke(Unknown Source)
	at org.testng.internal.MethodInvocationHelper.invokeMethod(MethodInvocationHelper.java:86)
	at org.testng.internal.Invoker.invokeMethod(Invoker.java:643)
	at org.testng.internal.Invoker.invokeTestMethod(Invoker.java:820)
	at org.testng.internal.Invoker.invokeTestMethods(Invoker.java:1128)
	at org.testng.internal.TestMethodWorker.invokeTestMethods(TestMethodWorker.java:129)
	at org.testng.internal.TestMethodWorker.run(TestMethodWorker.java:112)
	at java.util.concurrent.ThreadPoolExecutor.runWorker(Unknown Source)
	at java.util.concurrent.ThreadPoolExecutor$Worker.run(Unknown Source)
	at java.lang.Thread.run(Unknown Source)
</pre></div><a href='#' onClick='toggleBox("stack-trace27110444", this, "Click to show all stack frames", "Click to hide stack frames")'>Click to show all stack frames</a>
<div class='stack-trace' id='stack-trace27110444'><pre>java.lang.RuntimeException: FAILED
	at utils.Reporter.reportStep(Reporter.java:30)
	at wrappers.GenericWrappers.getTextByXpath(GenericWrappers.java:481)
	at leaftappages.FindLeadPage.storeLeadId(FindLeadPage.java:46)
	at leaftaptests.TC04_DeleteLead.deleteLead(TC04_DeleteLead.java:32)
	at sun.reflect.NativeMethodAccessorImpl.invoke0(Native Method)
	at sun.reflect.NativeMethodAccessorImpl.invoke(Unknown Source)
	at sun.reflect.DelegatingMethodAccessorImpl.invoke(Unknown Source)
	at java.lang.reflect.Method.invoke(Unknown Source)
	at org.testng.internal.MethodInvocationHelper.invokeMethod(MethodInvocationHelper.java:86)
	at org.testng.internal.Invoker.invokeMethod(Invoker.java:643)
	at org.testng.internal.Invoker.invokeTestMethod(Invoker.java:820)
	at org.testng.internal.Invoker.invokeTestMethods(Invoker.java:1128)
	at org.testng.internal.TestMethodWorker.invokeTestMethods(TestMethodWorker.java:129)
	at org.testng.internal.TestMethodWorker.run(TestMethodWorker.java:112)
	at java.util.concurrent.ThreadPoolExecutor.runWorker(Unknown Source)
	at java.util.concurrent.ThreadPoolExecutor$Worker.run(Unknown Source)
	at java.lang.Thread.run(Unknown Source)
</pre></div></td>
<td>59</td>
<td>leaftaptests.TC04_DeleteLead@17e1986</td></tr>
<tr>
<td title='leaftaptests.TC03_DuplicateLead.duplicateLead()'><b>duplicateLead</b><br>Test class: leaftaptests.TC03_DuplicateLead<br>Parameters: DemoSalesManager, crmsfa, Madhavan, madhavand@gmail.com</td>
<td><div><pre>java.lang.RuntimeException: FAILED
	at utils.Reporter.reportStep(Reporter.java:30)
	at wrappers.GenericWrappers.clickByXpathNoSnap(GenericWrappers.java:439)
	at leaftappages.FindLeadPage.clickFirstRecord(FindLeadPage.java:41)
	at leaftaptests.TC03_DuplicateLead.duplicateLead(TC03_DuplicateLead.java:32)
	at sun.reflect.NativeMethodAccessorImpl.invoke0(Native Method)
	at sun.reflect.NativeMethodAccessorImpl.invoke(Unknown Source)
	at sun.reflect.DelegatingMethodAccessorImpl.invoke(Unknown Source)
	at java.lang.reflect.Method.invoke(Unknown Source)
	at org.testng.internal.MethodInvocationHelper.invokeMethod(MethodInvocationHelper.java:86)
	at org.testng.internal.Invoker.invokeMethod(Invoker.java:643)
	at org.testng.internal.Invoker.invokeTestMethod(Invoker.java:820)
	at org.testng.internal.Invoker.invokeTestMethods(Invoker.java:1128)
	at org.testng.internal.TestMethodWorker.invokeTestMethods(TestMethodWorker.java:129)
	at org.testng.internal.TestMethodWorker.run(TestMethodWorker.java:112)
	at java.util.concurrent.ThreadPoolExecutor.runWorker(Unknown Source)
	at java.util.concurrent.ThreadPoolExecutor$Worker.run(Unknown Source)
	at java.lang.Thread.run(Unknown Source)
</pre></div><a href='#' onClick='toggleBox("stack-trace3564568", this, "Click to show all stack frames", "Click to hide stack frames")'>Click to show all stack frames</a>
<div class='stack-trace' id='stack-trace3564568'><pre>java.lang.RuntimeException: FAILED
	at utils.Reporter.reportStep(Reporter.java:30)
	at wrappers.GenericWrappers.clickByXpathNoSnap(GenericWrappers.java:439)
	at leaftappages.FindLeadPage.clickFirstRecord(FindLeadPage.java:41)
	at leaftaptests.TC03_DuplicateLead.duplicateLead(TC03_DuplicateLead.java:32)
	at sun.reflect.NativeMethodAccessorImpl.invoke0(Native Method)
	at sun.reflect.NativeMethodAccessorImpl.invoke(Unknown Source)
	at sun.reflect.DelegatingMethodAccessorImpl.invoke(Unknown Source)
	at java.lang.reflect.Method.invoke(Unknown Source)
	at org.testng.internal.MethodInvocationHelper.invokeMethod(MethodInvocationHelper.java:86)
	at org.testng.internal.Invoker.invokeMethod(Invoker.java:643)
	at org.testng.internal.Invoker.invokeTestMethod(Invoker.java:820)
	at org.testng.internal.Invoker.invokeTestMethods(Invoker.java:1128)
	at org.testng.internal.TestMethodWorker.invokeTestMethods(TestMethodWorker.java:129)
	at org.testng.internal.TestMethodWorker.run(TestMethodWorker.java:112)
	at java.util.concurrent.ThreadPoolExecutor.runWorker(Unknown Source)
	at java.util.concurrent.ThreadPoolExecutor$Worker.run(Unknown Source)
	at java.lang.Thread.run(Unknown Source)
</pre></div></td>
<td>59</td>
<td>leaftaptests.TC03_DuplicateLead@1dd3bcd</td></tr>
<tr>
<td title='leaftaptests.TC02_EditLead.editLead()'><b>editLead</b><br>Test class: leaftaptests.TC02_EditLead<br>Parameters: DemoSalesManager, crmsfa, TCS, Madhavan, Bosch</td>
<td><div><pre>java.lang.RuntimeException: FAILED
	at utils.Reporter.reportStep(Reporter.java:30)
	at wrappers.GenericWrappers.clickByXpathNoSnap(GenericWrappers.java:439)
	at leaftappages.FindLeadPage.clickFirstRecord(FindLeadPage.java:41)
	at leaftaptests.TC02_EditLead.editLead(TC02_EditLead.java:31)
	at sun.reflect.NativeMethodAccessorImpl.invoke0(Native Method)
	at sun.reflect.NativeMethodAccessorImpl.invoke(Unknown Source)
	at sun.reflect.DelegatingMethodAccessorImpl.invoke(Unknown Source)
	at java.lang.reflect.Method.invoke(Unknown Source)
	at org.testng.internal.MethodInvocationHelper.invokeMethod(MethodInvocationHelper.java:86)
	at org.testng.internal.Invoker.invokeMethod(Invoker.java:643)
	at org.testng.internal.Invoker.invokeTestMethod(Invoker.java:820)
	at org.testng.internal.Invoker.invokeTestMethods(Invoker.java:1128)
	at org.testng.internal.TestMethodWorker.invokeTestMethods(TestMethodWorker.java:129)
	at org.testng.internal.TestMethodWorker.run(TestMethodWorker.java:112)
	at java.util.concurrent.ThreadPoolExecutor.runWorker(Unknown Source)
	at java.util.concurrent.ThreadPoolExecutor$Worker.run(Unknown Source)
	at java.lang.Thread.run(Unknown Source)
</pre></div><a href='#' onClick='toggleBox("stack-trace21361835", this, "Click to show all stack frames", "Click to hide stack frames")'>Click to show all stack frames</a>
<div class='stack-trace' id='stack-trace21361835'><pre>java.lang.RuntimeException: FAILED
	at utils.Reporter.reportStep(Reporter.java:30)
	at wrappers.GenericWrappers.clickByXpathNoSnap(GenericWrappers.java:439)
	at leaftappages.FindLeadPage.clickFirstRecord(FindLeadPage.java:41)
	at leaftaptests.TC02_EditLead.editLead(TC02_EditLead.java:31)
	at sun.reflect.NativeMethodAccessorImpl.invoke0(Native Method)
	at sun.reflect.NativeMethodAccessorImpl.invoke(Unknown Source)
	at sun.reflect.DelegatingMethodAccessorImpl.invoke(Unknown Source)
	at java.lang.reflect.Method.invoke(Unknown Source)
	at org.testng.internal.MethodInvocationHelper.invokeMethod(MethodInvocationHelper.java:86)
	at org.testng.internal.Invoker.invokeMethod(Invoker.java:643)
	at org.testng.internal.Invoker.invokeTestMethod(Invoker.java:820)
	at org.testng.internal.Invoker.invokeTestMethods(Invoker.java:1128)
	at org.testng.internal.TestMethodWorker.invokeTestMethods(TestMethodWorker.java:129)
	at org.testng.internal.TestMethodWorker.run(TestMethodWorker.java:112)
	at java.util.concurrent.ThreadPoolExecutor.runWorker(Unknown Source)
	at java.util.concurrent.ThreadPoolExecutor$Worker.run(Unknown Source)
	at java.lang.Thread.run(Unknown Source)
</pre></div></td>
<td>59</td>
<td>leaftaptests.TC02_EditLead@843fce</td></tr>
<tr>
<td title='leaftaptests.TC02_EditLead.editLead()'><b>editLead</b><br>Test class: leaftaptests.TC02_EditLead<br>Parameters: DemoCSR, crmsfa, CTS, Sathyamoorthy, L&T</td>
<td><div><pre>java.lang.RuntimeException: FAILED
	at utils.Reporter.reportStep(Reporter.java:30)
	at wrappers.GenericWrappers.clickByXpathNoSnap(GenericWrappers.java:439)
	at leaftappages.FindLeadPage.clickFirstRecord(FindLeadPage.java:41)
	at leaftaptests.TC02_EditLead.editLead(TC02_EditLead.java:31)
	at sun.reflect.NativeMethodAccessorImpl.invoke0(Native Method)
	at sun.reflect.NativeMethodAccessorImpl.invoke(Unknown Source)
	at sun.reflect.DelegatingMethodAccessorImpl.invoke(Unknown Source)
	at java.lang.reflect.Method.invoke(Unknown Source)
	at org.testng.internal.MethodInvocationHelper.invokeMethod(MethodInvocationHelper.java:86)
	at org.testng.internal.Invoker.invokeMethod(Invoker.java:643)
	at org.testng.internal.Invoker.invokeTestMethod(Invoker.java:820)
	at org.testng.internal.Invoker.invokeTestMethods(Invoker.java:1128)
	at org.testng.internal.TestMethodWorker.invokeTestMethods(TestMethodWorker.java:129)
	at org.testng.internal.TestMethodWorker.run(TestMethodWorker.java:112)
	at java.util.concurrent.ThreadPoolExecutor.runWorker(Unknown Source)
	at java.util.concurrent.ThreadPoolExecutor$Worker.run(Unknown Source)
	at java.lang.Thread.run(Unknown Source)
</pre></div><a href='#' onClick='toggleBox("stack-trace9925451", this, "Click to show all stack frames", "Click to hide stack frames")'>Click to show all stack frames</a>
<div class='stack-trace' id='stack-trace9925451'><pre>java.lang.RuntimeException: FAILED
	at utils.Reporter.reportStep(Reporter.java:30)
	at wrappers.GenericWrappers.clickByXpathNoSnap(GenericWrappers.java:439)
	at leaftappages.FindLeadPage.clickFirstRecord(FindLeadPage.java:41)
	at leaftaptests.TC02_EditLead.editLead(TC02_EditLead.java:31)
	at sun.reflect.NativeMethodAccessorImpl.invoke0(Native Method)
	at sun.reflect.NativeMethodAccessorImpl.invoke(Unknown Source)
	at sun.reflect.DelegatingMethodAccessorImpl.invoke(Unknown Source)
	at java.lang.reflect.Method.invoke(Unknown Source)
	at org.testng.internal.MethodInvocationHelper.invokeMethod(MethodInvocationHelper.java:86)
	at org.testng.internal.Invoker.invokeMethod(Invoker.java:643)
	at org.testng.internal.Invoker.invokeTestMethod(Invoker.java:820)
	at org.testng.internal.Invoker.invokeTestMethods(Invoker.java:1128)
	at org.testng.internal.TestMethodWorker.invokeTestMethods(TestMethodWorker.java:129)
	at org.testng.internal.TestMethodWorker.run(TestMethodWorker.java:112)
	at java.util.concurrent.ThreadPoolExecutor.runWorker(Unknown Source)
	at java.util.concurrent.ThreadPoolExecutor$Worker.run(Unknown Source)
	at java.lang.Thread.run(Unknown Source)
</pre></div></td>
<td>46</td>
<td>leaftaptests.TC02_EditLead@843fce</td></tr>
<tr>
<td title='leaftaptests.TC05_MergeLead.mergeLead()'><b>mergeLead</b><br>Test class: leaftaptests.TC05_MergeLead<br>Parameters: DemoSalesManager, crmsfa, Domatharan, No records to display</td>
<td><div><pre>java.lang.RuntimeException: FAILED
	at utils.Reporter.reportStep(Reporter.java:30)
	at wrappers.GenericWrappers.getTextByXpath(GenericWrappers.java:481)
	at leaftappages.FindLeadPopupPage.storemergeLeadId(FindLeadPopupPage.java:54)
	at leaftaptests.TC05_MergeLead.mergeLead(TC05_MergeLead.java:32)
	at sun.reflect.NativeMethodAccessorImpl.invoke0(Native Method)
	at sun.reflect.NativeMethodAccessorImpl.invoke(Unknown Source)
	at sun.reflect.DelegatingMethodAccessorImpl.invoke(Unknown Source)
	at java.lang.reflect.Method.invoke(Unknown Source)
	at org.testng.internal.MethodInvocationHelper.invokeMethod(MethodInvocationHelper.java:86)
	at org.testng.internal.Invoker.invokeMethod(Invoker.java:643)
	at org.testng.internal.Invoker.invokeTestMethod(Invoker.java:820)
	at org.testng.internal.Invoker.invokeTestMethods(Invoker.java:1128)
	at org.testng.internal.TestMethodWorker.invokeTestMethods(TestMethodWorker.java:129)
	at org.testng.internal.TestMethodWorker.run(TestMethodWorker.java:112)
	at java.util.concurrent.ThreadPoolExecutor.runWorker(Unknown Source)
	at java.util.concurrent.ThreadPoolExecutor$Worker.run(Unknown Source)
	at java.lang.Thread.run(Unknown Source)
</pre></div><a href='#' onClick='toggleBox("stack-trace8957648", this, "Click to show all stack frames", "Click to hide stack frames")'>Click to show all stack frames</a>
<div class='stack-trace' id='stack-trace8957648'><pre>java.lang.RuntimeException: FAILED
	at utils.Reporter.reportStep(Reporter.java:30)
	at wrappers.GenericWrappers.getTextByXpath(GenericWrappers.java:481)
	at leaftappages.FindLeadPopupPage.storemergeLeadId(FindLeadPopupPage.java:54)
	at leaftaptests.TC05_MergeLead.mergeLead(TC05_MergeLead.java:32)
	at sun.reflect.NativeMethodAccessorImpl.invoke0(Native Method)
	at sun.reflect.NativeMethodAccessorImpl.invoke(Unknown Source)
	at sun.reflect.DelegatingMethodAccessorImpl.invoke(Unknown Source)
	at java.lang.reflect.Method.invoke(Unknown Source)
	at org.testng.internal.MethodInvocationHelper.invokeMethod(MethodInvocationHelper.java:86)
	at org.testng.internal.Invoker.invokeMethod(Invoker.java:643)
	at org.testng.internal.Invoker.invokeTestMethod(Invoker.java:820)
	at org.testng.internal.Invoker.invokeTestMethods(Invoker.java:1128)
	at org.testng.internal.TestMethodWorker.invokeTestMethods(TestMethodWorker.java:129)
	at org.testng.internal.TestMethodWorker.run(TestMethodWorker.java:112)
	at java.util.concurrent.ThreadPoolExecutor.runWorker(Unknown Source)
	at java.util.concurrent.ThreadPoolExecutor$Worker.run(Unknown Source)
	at java.lang.Thread.run(Unknown Source)
</pre></div></td>
<td>60</td>
<td>leaftaptests.TC05_MergeLead@f67b76</td></tr>
</table><p>
<table width='100%' border='1' class='invocation-passed'>
<tr><td colspan='4' align='center'><b>PASSED TESTS</b></td></tr>
<tr><td><b>Test method</b></td>
<td width="30%"><b>Exception</b></td>
<td width="10%"><b>Time (seconds)</b></td>
<td><b>Instance</b></td>
</tr>
<tr>
<td title='leaftaptests.TC01_CreateNewLead.createTestLead()'><b>createTestLead</b><br>Test class: leaftaptests.TC01_CreateNewLead<br>Parameters: DemoSalesManager, crmsfa, TCS, Madhavan, Domatharan, 9894086638, madhavand@gmail.com</td>
<td></td>
<td>31</td>
<td>leaftaptests.TC01_CreateNewLead@1c78c0b</td></tr>
<tr>
<td title='leaftaptests.TC01_CreateNewLead.createTestLead()'><b>createTestLead</b><br>Test class: leaftaptests.TC01_CreateNewLead<br>Parameters: DemoCSR, crmsfa, CTS, Madhavan, Domatharan, 9894086638, madhavand@gmail.com</td>
<td></td>
<td>15</td>
<td>leaftaptests.TC01_CreateNewLead@1c78c0b</td></tr>
<tr>
<td title='leaftaptests.TC03_DuplicateLead.duplicateLead()'><b>duplicateLead</b><br>Test class: leaftaptests.TC03_DuplicateLead<br>Parameters: DemoCSR, crmsfa, Madhavan, madhavand@gmail.com</td>
<td></td>
<td>20</td>
<td>leaftaptests.TC03_DuplicateLead@1dd3bcd</td></tr>
</table><p>
</body>
</html>